DWH load Successful: Tue Feb 16 13:00:24 EST 2016
DWH load Successful: Wed Feb 17 13:00:28 EST 2016
DWH load Successful: Thu Feb 18 13:00:25 EST 2016
DWH load Successful: Fri Feb 19 13:00:27 EST 2016
DWH load Successful: Sat Feb 20 13:00:27 EST 2016
DWH load Successful: Mon Feb 22 13:00:26 EST 2016
DWH load Successful: Tue Feb 23 13:00:25 EST 2016
DWH load Successful: Wed Feb 24 13:00:26 EST 2016
DWH load Successful: Thu Feb 25 13:00:25 EST 2016
DWH load Successful: Fri Feb 26 13:01:23 EST 2016
DWH load Successful: Sat Feb 27 13:00:29 EST 2016
DWH load Successful: Mon Feb 29 06:32:26 EST 2016
DWH load Successful: Mon Feb 29 13:00:28 EST 2016
DWH load Successful: Tue Mar  1 13:01:25 EST 2016
DWH load Successful: Wed Mar  2 13:00:25 EST 2016
DWH load Successful: Thu Mar  3 13:00:28 EST 2016
DWH load Successful: Fri Mar  4 13:00:30 EST 2016
DWH load Successful: Sat Mar  5 13:00:27 EST 2016
DWH load Successful: Mon Mar  7 13:01:24 EST 2016
DWH load Successful: Tue Mar  8 13:00:31 EST 2016
DWH load Successful: Wed Mar  9 13:00:29 EST 2016
DWH load Successful: Thu Mar 10 13:00:27 EST 2016
DWH load Successful: Fri Mar 11 13:00:29 EST 2016
DWH load Successful: Sat Mar 12 13:00:29 EST 2016
DWH load Successful: Mon Mar 14 13:00:48 EDT 2016
DWH load Successful: Tue Mar 15 13:00:29 EDT 2016
DWH load Successful: Wed Mar 16 13:00:28 EDT 2016
DWH load Successful: Thu Mar 17 13:01:29 EDT 2016
DWH load Successful: Fri Mar 18 13:00:29 EDT 2016
DWH load Successful: Sat Mar 19 13:00:31 EDT 2016
DWH load Successful: Mon Mar 21 13:00:31 EDT 2016
DWH load Successful: Tue Mar 22 13:00:29 EDT 2016
DWH load Successful: Wed Mar 23 13:00:28 EDT 2016
DWH load Successful: Thu Mar 24 13:00:45 EDT 2016
DWH load Successful: Fri Mar 25 13:00:26 EDT 2016
DWH load Successful: Sat Mar 26 13:00:27 EDT 2016
DWH load Successful: Mon Mar 28 05:00:34 EDT 2016
DWH load Successful: Mon Mar 28 05:13:05 EDT 2016
DWH load Successful: Mon Mar 28 05:24:35 EDT 2016
DWH load Successful: Mon Mar 28 06:20:28 EDT 2016
DWH load Successful: Mon Mar 28 06:30:29 EDT 2016
DWH load Successful: Mon Mar 28 06:40:26 EDT 2016
DWH load Successful: Mon Mar 28 06:50:27 EDT 2016
DWH load Successful: Mon Mar 28 07:00:27 EDT 2016
DWH load Successful: Mon Mar 28 07:10:26 EDT 2016
DWH load Successful: Mon Mar 28 07:20:26 EDT 2016
DWH load Successful: Mon Mar 28 07:30:25 EDT 2016
DWH load Successful: Mon Mar 28 07:40:26 EDT 2016
DWH load Successful: Mon Mar 28 07:50:26 EDT 2016
DWH load Successful: Mon Mar 28 08:00:28 EDT 2016
DWH load Successful: Mon Mar 28 08:10:26 EDT 2016
DWH load Successful: Mon Mar 28 08:20:26 EDT 2016
DWH load Successful: Mon Mar 28 08:30:27 EDT 2016
DWH load Successful: Mon Mar 28 08:41:26 EDT 2016
DWH load Successful: Mon Mar 28 08:50:27 EDT 2016
DWH load Successful: Mon Mar 28 09:00:27 EDT 2016
DWH load Successful: Mon Mar 28 09:11:24 EDT 2016
DWH load Successful: Mon Mar 28 09:20:28 EDT 2016
DWH load Successful: Mon Mar 28 09:30:27 EDT 2016
DWH load Successful: Mon Mar 28 09:40:28 EDT 2016
DWH load Successful: Mon Mar 28 09:51:25 EDT 2016
DWH load Successful: Mon Mar 28 10:01:23 EDT 2016
DWH load Successful: Mon Mar 28 10:11:24 EDT 2016
DWH load Successful: Mon Mar 28 10:20:27 EDT 2016
DWH load Successful: Mon Mar 28 10:30:27 EDT 2016
DWH load Successful: Mon Mar 28 10:40:28 EDT 2016
DWH load Successful: Mon Mar 28 10:50:27 EDT 2016
DWH load Successful: Mon Mar 28 11:00:28 EDT 2016
DWH load Successful: Mon Mar 28 11:10:28 EDT 2016
DWH load Successful: Mon Mar 28 11:20:27 EDT 2016
DWH load Successful: Mon Mar 28 11:31:25 EDT 2016
DWH load Successful: Mon Mar 28 11:41:25 EDT 2016
DWH load Successful: Mon Mar 28 11:50:26 EDT 2016
DWH load Successful: Mon Mar 28 12:00:28 EDT 2016
DWH load Successful: Mon Mar 28 12:10:26 EDT 2016
DWH load Successful: Mon Mar 28 12:20:26 EDT 2016
DWH load Successful: Mon Mar 28 12:30:24 EDT 2016
DWH load Successful: Mon Mar 28 12:40:27 EDT 2016
DWH load Successful: Mon Mar 28 12:50:28 EDT 2016
DWH load Successful: Mon Mar 28 13:00:26 EDT 2016
DWH load Successful: Mon Mar 28 13:10:26 EDT 2016
DWH load Successful: Mon Mar 28 13:20:27 EDT 2016
DWH load Successful: Mon Mar 28 13:30:26 EDT 2016
DWH load Successful: Mon Mar 28 13:40:28 EDT 2016
DWH load Successful: Mon Mar 28 13:51:01 EDT 2016
DWH load Successful: Mon Mar 28 14:01:01 EDT 2016
DWH load Successful: Mon Mar 28 14:11:23 EDT 2016
DWH load Successful: Mon Mar 28 14:20:26 EDT 2016
DWH load Successful: Mon Mar 28 14:31:24 EDT 2016
DWH load Successful: Mon Mar 28 14:40:26 EDT 2016
DWH load Successful: Mon Mar 28 14:50:27 EDT 2016
DWH load Successful: Mon Mar 28 15:00:27 EDT 2016
DWH load Successful: Mon Mar 28 15:11:25 EDT 2016
DWH load Successful: Mon Mar 28 15:20:25 EDT 2016
DWH load Successful: Mon Mar 28 15:30:27 EDT 2016
DWH load Successful: Mon Mar 28 15:41:23 EDT 2016
DWH load Successful: Mon Mar 28 15:50:26 EDT 2016
DWH load Successful: Mon Mar 28 16:00:25 EDT 2016
DWH load Successful: Mon Mar 28 16:10:25 EDT 2016
DWH load Successful: Mon Mar 28 16:20:26 EDT 2016
DWH load Successful: Mon Mar 28 16:30:33 EDT 2016
DWH load Successful: Mon Mar 28 16:40:25 EDT 2016
DWH load Successful: Mon Mar 28 16:51:21 EDT 2016
DWH load Successful: Mon Mar 28 17:00:26 EDT 2016
DWH load Successful: Mon Mar 28 17:10:25 EDT 2016
DWH load Successful: Mon Mar 28 17:20:25 EDT 2016
DWH load Successful: Mon Mar 28 17:30:26 EDT 2016
DWH load Successful: Mon Mar 28 17:40:27 EDT 2016
DWH load Successful: Mon Mar 28 17:51:23 EDT 2016
DWH load Successful: Mon Mar 28 18:01:23 EDT 2016
DWH load Successful: Mon Mar 28 18:10:26 EDT 2016
DWH load Successful: Mon Mar 28 18:20:26 EDT 2016
DWH load Successful: Mon Mar 28 18:30:25 EDT 2016
DWH load Successful: Mon Mar 28 18:41:22 EDT 2016
DWH load Successful: Mon Mar 28 18:50:25 EDT 2016
DWH load Successful: Mon Mar 28 19:01:24 EDT 2016
DWH load Successful: Mon Mar 28 19:10:25 EDT 2016
DWH load Successful: Mon Mar 28 19:20:25 EDT 2016
DWH load Successful: Mon Mar 28 19:30:26 EDT 2016
DWH load Successful: Mon Mar 28 19:40:26 EDT 2016
DWH load Successful: Mon Mar 28 19:50:25 EDT 2016
DWH load Successful: Mon Mar 28 20:00:24 EDT 2016
DWH load Successful: Mon Mar 28 20:11:23 EDT 2016
DWH load Successful: Mon Mar 28 20:21:22 EDT 2016
DWH load Successful: Mon Mar 28 20:31:22 EDT 2016
DWH load Successful: Mon Mar 28 20:40:25 EDT 2016
DWH load Successful: Mon Mar 28 20:50:26 EDT 2016
DWH load Successful: Mon Mar 28 21:01:23 EDT 2016
DWH load Successful: Mon Mar 28 21:10:27 EDT 2016
DWH load Successful: Mon Mar 28 21:20:26 EDT 2016
DWH load Successful: Mon Mar 28 21:30:27 EDT 2016
DWH load Successful: Mon Mar 28 21:40:26 EDT 2016
DWH load Successful: Mon Mar 28 21:50:25 EDT 2016
DWH load Successful: Mon Mar 28 22:00:26 EDT 2016
DWH load Successful: Mon Mar 28 22:11:23 EDT 2016
DWH load Successful: Mon Mar 28 22:20:25 EDT 2016
DWH load Successful: Mon Mar 28 22:30:26 EDT 2016
DWH load Successful: Mon Mar 28 22:40:26 EDT 2016
DWH load Successful: Mon Mar 28 22:51:22 EDT 2016
DWH load Successful: Mon Mar 28 23:00:27 EDT 2016
DWH load Successful: Mon Mar 28 23:10:28 EDT 2016
DWH load Successful: Mon Mar 28 23:20:28 EDT 2016
DWH load Successful: Mon Mar 28 23:30:27 EDT 2016
DWH load Successful: Mon Mar 28 23:40:28 EDT 2016
DWH load Successful: Mon Mar 28 23:50:27 EDT 2016
DWH load Successful: Tue Mar 29 00:00:26 EDT 2016
DWH load Successful: Tue Mar 29 00:11:22 EDT 2016
DWH load Successful: Tue Mar 29 00:20:26 EDT 2016
DWH load Successful: Tue Mar 29 00:30:26 EDT 2016
DWH load Successful: Tue Mar 29 00:40:25 EDT 2016
DWH load Successful: Tue Mar 29 00:51:22 EDT 2016
DWH load Successful: Tue Mar 29 01:00:25 EDT 2016
DWH load Successful: Tue Mar 29 01:11:22 EDT 2016
DWH load Successful: Tue Mar 29 01:20:27 EDT 2016
DWH load Successful: Tue Mar 29 01:36:52 EDT 2016
DWH load Successful: Tue Mar 29 01:41:23 EDT 2016
DWH load Successful: Tue Mar 29 01:50:25 EDT 2016
DWH load Successful: Tue Mar 29 02:00:25 EDT 2016
DWH load Successful: Tue Mar 29 02:10:26 EDT 2016
DWH load Successful: Tue Mar 29 02:20:26 EDT 2016
DWH load Successful: Tue Mar 29 02:30:27 EDT 2016
DWH load Successful: Tue Mar 29 02:40:28 EDT 2016
DWH load Successful: Tue Mar 29 02:50:25 EDT 2016
DWH load Successful: Tue Mar 29 03:00:26 EDT 2016
DWH load Successful: Tue Mar 29 03:11:23 EDT 2016
DWH load Successful: Tue Mar 29 03:20:26 EDT 2016
DWH load Successful: Tue Mar 29 03:30:25 EDT 2016
DWH load Successful: Tue Mar 29 03:40:26 EDT 2016
DWH load Successful: Tue Mar 29 03:50:25 EDT 2016
DWH load Successful: Tue Mar 29 04:00:27 EDT 2016
DWH load Successful: Tue Mar 29 04:10:26 EDT 2016
DWH load Successful: Tue Mar 29 04:20:26 EDT 2016
DWH load Successful: Tue Mar 29 04:30:25 EDT 2016
DWH load Successful: Tue Mar 29 04:40:27 EDT 2016
DWH load Successful: Tue Mar 29 04:51:24 EDT 2016
DWH load Successful: Tue Mar 29 05:00:28 EDT 2016
DWH load Successful: Tue Mar 29 05:10:25 EDT 2016
DWH load Successful: Tue Mar 29 05:20:26 EDT 2016
DWH load Successful: Tue Mar 29 05:30:27 EDT 2016
DWH load Successful: Tue Mar 29 05:54:39 EDT 2016
DWH load Successful: Tue Mar 29 05:54:40 EDT 2016
DWH load Successful: Tue Mar 29 06:00:28 EDT 2016
DWH load Successful: Tue Mar 29 06:10:29 EDT 2016
DWH load Successful: Tue Mar 29 06:20:28 EDT 2016
DWH load Successful: Tue Mar 29 06:30:29 EDT 2016
DWH load Successful: Tue Mar 29 06:42:14 EDT 2016
DWH load Successful: Tue Mar 29 06:50:28 EDT 2016
DWH load Successful: Tue Mar 29 07:01:25 EDT 2016
DWH load Successful: Tue Mar 29 07:10:27 EDT 2016
DWH load Successful: Tue Mar 29 07:20:28 EDT 2016
DWH load Successful: Tue Mar 29 07:30:27 EDT 2016
DWH load Successful: Tue Mar 29 07:41:23 EDT 2016
DWH load Successful: Tue Mar 29 07:50:27 EDT 2016
DWH load Successful: Tue Mar 29 08:00:25 EDT 2016
DWH load Successful: Tue Mar 29 08:10:26 EDT 2016
DWH load Successful: Tue Mar 29 08:20:26 EDT 2016
DWH load Successful: Tue Mar 29 08:30:27 EDT 2016
DWH load Successful: Tue Mar 29 08:40:27 EDT 2016
DWH load Successful: Tue Mar 29 08:50:27 EDT 2016
DWH load Successful: Tue Mar 29 09:00:27 EDT 2016
DWH load Successful: Tue Mar 29 09:10:25 EDT 2016
DWH load Successful: Tue Mar 29 09:20:26 EDT 2016
DWH load Successful: Tue Mar 29 09:30:25 EDT 2016
DWH load Successful: Tue Mar 29 09:40:25 EDT 2016
DWH load Successful: Tue Mar 29 09:50:26 EDT 2016
DWH load Successful: Tue Mar 29 10:00:27 EDT 2016
DWH load Successful: Tue Mar 29 10:10:24 EDT 2016
DWH load Successful: Tue Mar 29 10:20:25 EDT 2016
DWH load Successful: Tue Mar 29 10:31:22 EDT 2016
DWH load Successful: Tue Mar 29 10:40:27 EDT 2016
DWH load Successful: Tue Mar 29 10:50:24 EDT 2016
DWH load Successful: Tue Mar 29 11:00:26 EDT 2016
DWH load Successful: Tue Mar 29 11:10:27 EDT 2016
DWH load Successful: Tue Mar 29 11:20:26 EDT 2016
DWH load Successful: Tue Mar 29 11:30:25 EDT 2016
DWH load Successful: Tue Mar 29 11:41:22 EDT 2016
DWH load Successful: Tue Mar 29 11:50:26 EDT 2016
DWH load Successful: Tue Mar 29 12:00:26 EDT 2016
DWH load Successful: Tue Mar 29 12:10:27 EDT 2016
DWH load Successful: Tue Mar 29 12:21:23 EDT 2016
DWH load Successful: Tue Mar 29 12:30:27 EDT 2016
DWH load Successful: Tue Mar 29 12:40:27 EDT 2016
DWH load Successful: Tue Mar 29 12:51:23 EDT 2016
DWH load Successful: Tue Mar 29 13:00:26 EDT 2016
DWH load Successful: Tue Mar 29 13:10:28 EDT 2016
DWH load Successful: Tue Mar 29 13:20:26 EDT 2016
DWH load Successful: Tue Mar 29 13:30:26 EDT 2016
DWH load Successful: Tue Mar 29 13:40:26 EDT 2016
DWH load Successful: Tue Mar 29 13:50:26 EDT 2016
DWH load Successful: Tue Mar 29 14:00:27 EDT 2016
DWH load Successful: Tue Mar 29 14:10:26 EDT 2016
DWH load Successful: Tue Mar 29 14:20:26 EDT 2016
DWH load Successful: Tue Mar 29 14:30:27 EDT 2016
DWH load Successful: Tue Mar 29 14:40:27 EDT 2016
DWH load Successful: Tue Mar 29 14:51:24 EDT 2016
DWH load Successful: Tue Mar 29 15:00:27 EDT 2016
DWH load Successful: Tue Mar 29 15:10:28 EDT 2016
DWH load Successful: Tue Mar 29 15:20:26 EDT 2016
DWH load Successful: Tue Mar 29 15:30:26 EDT 2016
DWH load Successful: Tue Mar 29 15:40:27 EDT 2016
DWH load Successful: Tue Mar 29 15:50:26 EDT 2016
DWH load Successful: Tue Mar 29 16:01:22 EDT 2016
DWH load Successful: Tue Mar 29 16:10:24 EDT 2016
DWH load Successful: Tue Mar 29 16:20:26 EDT 2016
DWH load Successful: Tue Mar 29 16:30:27 EDT 2016
DWH load Successful: Tue Mar 29 16:40:24 EDT 2016
DWH load Successful: Tue Mar 29 16:50:25 EDT 2016
DWH load Successful: Tue Mar 29 17:01:22 EDT 2016
DWH load Successful: Tue Mar 29 17:10:26 EDT 2016
DWH load Successful: Tue Mar 29 17:20:24 EDT 2016
DWH load Successful: Tue Mar 29 17:30:26 EDT 2016
DWH load Successful: Tue Mar 29 17:41:23 EDT 2016
DWH load Successful: Tue Mar 29 17:50:26 EDT 2016
DWH load Successful: Tue Mar 29 18:00:25 EDT 2016
DWH load Successful: Tue Mar 29 18:10:27 EDT 2016
DWH load Successful: Tue Mar 29 18:20:25 EDT 2016
DWH load Successful: Tue Mar 29 18:30:25 EDT 2016
DWH load Successful: Tue Mar 29 18:40:26 EDT 2016
DWH load Successful: Tue Mar 29 18:50:26 EDT 2016
DWH load Successful: Tue Mar 29 19:00:26 EDT 2016
DWH load Successful: Tue Mar 29 19:10:26 EDT 2016
DWH load Successful: Tue Mar 29 19:20:26 EDT 2016
DWH load Successful: Tue Mar 29 19:30:26 EDT 2016
DWH load Successful: Tue Mar 29 19:40:25 EDT 2016
DWH load Successful: Tue Mar 29 19:50:26 EDT 2016
DWH load Successful: Tue Mar 29 20:00:30 EDT 2016
DWH load Successful: Tue Mar 29 20:10:27 EDT 2016
DWH load Successful: Tue Mar 29 20:20:25 EDT 2016
DWH load Successful: Tue Mar 29 20:31:24 EDT 2016
DWH load Successful: Tue Mar 29 20:40:26 EDT 2016
DWH load Successful: Tue Mar 29 20:50:26 EDT 2016
DWH load Successful: Tue Mar 29 21:00:28 EDT 2016
DWH load Successful: Tue Mar 29 21:10:27 EDT 2016
DWH load Successful: Tue Mar 29 21:20:26 EDT 2016
DWH load Successful: Tue Mar 29 21:30:28 EDT 2016
DWH load Successful: Tue Mar 29 21:40:27 EDT 2016
DWH load Successful: Tue Mar 29 21:50:25 EDT 2016
DWH load Successful: Tue Mar 29 22:01:24 EDT 2016
DWH load Successful: Tue Mar 29 22:11:24 EDT 2016
DWH load Successful: Tue Mar 29 22:20:25 EDT 2016
DWH load Successful: Tue Mar 29 22:30:26 EDT 2016
DWH load Successful: Tue Mar 29 22:40:26 EDT 2016
DWH load Successful: Tue Mar 29 22:50:26 EDT 2016
DWH load Successful: Tue Mar 29 23:00:26 EDT 2016
DWH load Successful: Tue Mar 29 23:10:27 EDT 2016
DWH load Successful: Tue Mar 29 23:20:28 EDT 2016
DWH load Successful: Tue Mar 29 23:30:26 EDT 2016
DWH load Successful: Tue Mar 29 23:40:27 EDT 2016
DWH load Successful: Tue Mar 29 23:51:25 EDT 2016
DWH load Successful: Wed Mar 30 00:00:28 EDT 2016
DWH load Successful: Wed Mar 30 00:10:27 EDT 2016
DWH load Successful: Wed Mar 30 00:20:29 EDT 2016
DWH load Successful: Wed Mar 30 00:31:23 EDT 2016
DWH load Successful: Wed Mar 30 00:41:22 EDT 2016
DWH load Successful: Wed Mar 30 00:50:24 EDT 2016
DWH load Successful: Wed Mar 30 01:00:27 EDT 2016
DWH load Successful: Wed Mar 30 01:10:27 EDT 2016
DWH load Successful: Wed Mar 30 01:20:26 EDT 2016
DWH load Successful: Wed Mar 30 01:30:25 EDT 2016
DWH load Successful: Wed Mar 30 01:40:27 EDT 2016
DWH load Successful: Wed Mar 30 01:50:27 EDT 2016
DWH load Successful: Wed Mar 30 02:00:27 EDT 2016
DWH load Successful: Wed Mar 30 02:10:28 EDT 2016
DWH load Successful: Wed Mar 30 02:20:26 EDT 2016
DWH load Successful: Wed Mar 30 02:30:28 EDT 2016
DWH load Successful: Wed Mar 30 02:40:27 EDT 2016
DWH load Successful: Wed Mar 30 02:50:27 EDT 2016
DWH load Successful: Wed Mar 30 03:00:27 EDT 2016
DWH load Successful: Wed Mar 30 03:10:28 EDT 2016
DWH load Successful: Wed Mar 30 03:20:28 EDT 2016
DWH load Successful: Wed Mar 30 03:30:27 EDT 2016
DWH load Successful: Wed Mar 30 03:40:28 EDT 2016
DWH load Successful: Wed Mar 30 03:50:29 EDT 2016
DWH load Successful: Wed Mar 30 04:01:22 EDT 2016
DWH load Successful: Wed Mar 30 04:11:27 EDT 2016
DWH load Successful: Wed Mar 30 04:20:27 EDT 2016
DWH load Successful: Wed Mar 30 04:31:27 EDT 2016
DWH load Successful: Wed Mar 30 04:40:27 EDT 2016
DWH load Successful: Wed Mar 30 04:50:27 EDT 2016
DWH load Successful: Wed Mar 30 05:00:26 EDT 2016
DWH load Successful: Wed Mar 30 05:10:26 EDT 2016
DWH load Successful: Wed Mar 30 05:20:26 EDT 2016
DWH load Successful: Wed Mar 30 05:30:26 EDT 2016
DWH load Successful: Wed Mar 30 05:40:28 EDT 2016
DWH load Successful: Wed Mar 30 05:50:26 EDT 2016
DWH load Successful: Wed Mar 30 06:00:27 EDT 2016
DWH load Successful: Wed Mar 30 06:10:26 EDT 2016
DWH load Successful: Wed Mar 30 06:20:27 EDT 2016
DWH load Successful: Wed Mar 30 06:30:26 EDT 2016
DWH load Successful: Wed Mar 30 06:41:25 EDT 2016
DWH load Successful: Wed Mar 30 06:50:28 EDT 2016
DWH load Successful: Wed Mar 30 07:01:23 EDT 2016
DWH load Successful: Wed Mar 30 07:10:26 EDT 2016
DWH load Successful: Wed Mar 30 07:20:28 EDT 2016
DWH load Successful: Wed Mar 30 07:30:26 EDT 2016
DWH load Successful: Wed Mar 30 07:40:26 EDT 2016
DWH load Successful: Wed Mar 30 07:50:27 EDT 2016
DWH load Successful: Wed Mar 30 08:00:26 EDT 2016
DWH load Successful: Wed Mar 30 08:10:28 EDT 2016
DWH load Successful: Wed Mar 30 08:20:27 EDT 2016
DWH load Successful: Wed Mar 30 08:30:26 EDT 2016
DWH load Successful: Wed Mar 30 08:41:23 EDT 2016
DWH load Successful: Wed Mar 30 08:50:27 EDT 2016
DWH load Successful: Wed Mar 30 09:00:28 EDT 2016
DWH load Successful: Wed Mar 30 09:10:26 EDT 2016
DWH load Successful: Wed Mar 30 09:20:27 EDT 2016
DWH load Successful: Wed Mar 30 09:30:27 EDT 2016
DWH load Successful: Wed Mar 30 09:40:26 EDT 2016
DWH load Successful: Wed Mar 30 09:50:27 EDT 2016
DWH load Successful: Wed Mar 30 10:00:26 EDT 2016
DWH load Successful: Wed Mar 30 10:10:27 EDT 2016
DWH load Successful: Wed Mar 30 13:00:26 EDT 2016
DWH load Successful: Thu Mar 31 00:55:46 EDT 2016
DWH load Successful: Thu Mar 31 13:00:26 EDT 2016
DWH load Successful: Fri Apr  1 13:00:28 EDT 2016
DWH load Successful: Sat Apr  2 13:00:31 EDT 2016
DWH load Successful: Mon Apr  4 13:01:26 EDT 2016
DWH load Successful: Tue Apr  5 13:00:30 EDT 2016
DWH load Successful: Wed Apr  6 13:01:30 EDT 2016
DWH load Successful: Thu Apr  7 13:00:32 EDT 2016
DWH load Successful: Fri Apr  8 13:00:30 EDT 2016
DWH load Successful: Sat Apr  9 13:00:29 EDT 2016
DWH load Successful: Mon Apr 11 13:00:32 EDT 2016
DWH load Successful: Tue Apr 12 13:00:32 EDT 2016
DWH load Successful: Wed Apr 13 13:01:30 EDT 2016
DWH load Successful: Thu Apr 14 13:00:30 EDT 2016
DWH load Successful: Fri Apr 15 13:00:31 EDT 2016
DWH load Successful: Sat Apr 16 13:01:26 EDT 2016
DWH load Successful: Mon Apr 18 13:00:32 EDT 2016
DWH load Successful: Tue Apr 19 13:00:31 EDT 2016
DWH load Successful: Wed Apr 20 13:00:28 EDT 2016
DWH load Successful: Thu Apr 21 13:00:29 EDT 2016
DWH load Successful: Fri Apr 22 13:00:32 EDT 2016
DWH load Successful: Sat Apr 23 13:00:31 EDT 2016
DWH load Successful: Mon Apr 25 13:00:29 EDT 2016
DWH load Successful: Tue Apr 26 13:00:34 EDT 2016
DWH load Successful: Wed Apr 27 13:00:32 EDT 2016
DWH load Successful: Thu Apr 28 13:00:34 EDT 2016
DWH load Successful: Fri Apr 29 13:00:35 EDT 2016
DWH load Successful: Sat Apr 30 13:00:35 EDT 2016
DWH load Successful: Mon May  2 13:00:32 EDT 2016
DWH load Successful: Tue May  3 13:00:52 EDT 2016
DWH load Successful: Wed May  4 13:00:33 EDT 2016
DWH load Successful: Thu May  5 13:01:33 EDT 2016
DWH load Successful: Fri May  6 13:01:30 EDT 2016
DWH load Successful: Sat May  7 13:00:35 EDT 2016
DWH load Successful: Mon May  9 13:00:30 EDT 2016
DWH load Successful: Tue May 10 13:00:32 EDT 2016
DWH load Successful: Wed May 11 13:00:33 EDT 2016
DWH load Successful: Thu May 12 13:00:32 EDT 2016
DWH load Successful: Fri May 13 13:00:30 EDT 2016
DWH load Successful: Sat May 14 13:00:34 EDT 2016
DWH load Successful: Mon May 16 13:00:35 EDT 2016
DWH load Successful: Tue May 17 13:00:33 EDT 2016
DWH load Successful: Wed May 18 13:00:35 EDT 2016
DWH load Successful: Thu May 19 13:00:32 EDT 2016
DWH load Successful: Fri May 20 13:00:33 EDT 2016
DWH load Successful: Sat May 21 13:00:34 EDT 2016
DWH load Successful: Mon May 23 13:00:33 EDT 2016
DWH load Successful: Tue May 24 13:00:35 EDT 2016
DWH load Successful: Wed May 25 13:00:34 EDT 2016
DWH load Successful: Thu May 26 13:00:33 EDT 2016
DWH load Successful: Fri May 27 13:00:32 EDT 2016
DWH load Successful: Sat May 28 13:00:33 EDT 2016
DWH load Successful: Mon May 30 13:01:29 EDT 2016
DWH load Successful: Tue May 31 13:00:34 EDT 2016
DWH load Successful: Wed Jun  1 13:00:29 EDT 2016
DWH load Successful: Thu Jun  2 13:00:32 EDT 2016
DWH load Successful: Fri Jun  3 13:00:31 EDT 2016
DWH load Successful: Sat Jun  4 13:01:30 EDT 2016
DWH load Successful: Mon Jun  6 13:00:41 EDT 2016
DWH load Successful: Tue Jun  7 13:00:40 EDT 2016
DWH load Successful: Wed Jun  8 13:00:31 EDT 2016
DWH load Successful: Thu Jun  9 13:00:33 EDT 2016
