INT load Successful: Mon Feb 15 08:56:00 EST 2016
INT load Successful: Mon Feb 15 08:59:21 EST 2016
INT load Successful: Tue Feb 16 00:00:26 EST 2016
INT load Successful: Wed Feb 17 00:01:26 EST 2016
INT load Successful: Thu Feb 18 00:00:28 EST 2016
INT load Successful: Thu Feb 18 02:44:03 EST 2016
INT load Successful: Thu Feb 18 03:26:19 EST 2016
INT load Successful: Fri Feb 19 00:01:22 EST 2016
INT load Successful: Sat Feb 20 00:00:28 EST 2016
INT load Successful: Mon Feb 22 00:01:24 EST 2016
INT load Successful: Tue Feb 23 00:00:29 EST 2016
INT load Successful: Wed Feb 24 00:00:25 EST 2016
INT load Successful: Thu Feb 25 00:00:29 EST 2016
INT load Successful: Fri Feb 26 00:00:23 EST 2016
INT load Successful: Sat Feb 27 00:00:23 EST 2016
INT load Successful: Mon Feb 29 00:00:28 EST 2016
INT load Successful: Tue Mar  1 00:00:25 EST 2016
INT load Successful: Wed Mar  2 00:00:24 EST 2016
INT load Successful: Thu Mar  3 00:00:24 EST 2016
INT load Successful: Fri Mar  4 00:00:25 EST 2016
INT load Successful: Sat Mar  5 00:00:26 EST 2016
INT load Successful: Mon Mar  7 00:01:23 EST 2016
INT load Successful: Tue Mar  8 00:01:24 EST 2016
INT load Successful: Wed Mar  9 00:01:25 EST 2016
INT load Successful: Thu Mar 10 00:00:27 EST 2016
INT load Successful: Fri Mar 11 00:00:26 EST 2016
INT load Successful: Sat Mar 12 00:00:27 EST 2016
INT load Successful: Mon Mar 14 00:00:29 EDT 2016
INT load Successful: Tue Mar 15 00:00:29 EDT 2016
INT load Successful: Wed Mar 16 00:01:24 EDT 2016
INT load Successful: Thu Mar 17 00:01:27 EDT 2016
INT load Successful: Fri Mar 18 00:00:27 EDT 2016
INT load Successful: Sat Mar 19 00:00:36 EDT 2016
INT load Successful: Mon Mar 21 00:00:33 EDT 2016
INT load Successful: Mon Mar 21 01:45:03 EDT 2016
INT load Successful: Tue Mar 22 00:01:24 EDT 2016
INT load Successful: Wed Mar 23 00:00:27 EDT 2016
INT load Successful: Thu Mar 24 00:00:27 EDT 2016
INT load Successful: Fri Mar 25 00:00:27 EDT 2016
INT load Successful: Sat Mar 26 00:00:27 EDT 2016
INT load Successful: Mon Mar 28 00:00:27 EDT 2016
INT load Successful: Tue Mar 29 00:01:26 EDT 2016
INT load Successful: Wed Mar 30 00:01:24 EDT 2016
INT load Successful: Wed Mar 30 11:38:59 EDT 2016
INT load Successful: Thu Mar 31 00:00:26 EDT 2016
INT load Successful: Fri Apr  1 00:00:26 EDT 2016
INT load Successful: Sat Apr  2 00:00:31 EDT 2016
INT load Successful: Mon Apr  4 00:00:31 EDT 2016
INT load Successful: Tue Apr  5 00:00:30 EDT 2016
INT load Successful: Wed Apr  6 00:00:29 EDT 2016
INT load Successful: Thu Apr  7 00:00:29 EDT 2016
INT load Successful: Thu Apr  7 06:33:03 EDT 2016
INT load Successful: Fri Apr  8 00:00:31 EDT 2016
INT load Successful: Sat Apr  9 00:00:30 EDT 2016
INT load Successful: Mon Apr 11 00:00:30 EDT 2016
INT load Successful: Tue Apr 12 00:00:27 EDT 2016
INT load Successful: Wed Apr 13 00:00:25 EDT 2016
INT load Successful: Thu Apr 14 00:00:27 EDT 2016
INT load Successful: Fri Apr 15 00:00:26 EDT 2016
INT load Successful: Sat Apr 16 00:00:29 EDT 2016
INT load Successful: Mon Apr 18 00:00:26 EDT 2016
INT load Successful: Tue Apr 19 00:01:25 EDT 2016
INT load Successful: Wed Apr 20 00:00:28 EDT 2016
INT load Successful: Thu Apr 21 00:00:27 EDT 2016
INT load Successful: Fri Apr 22 00:00:29 EDT 2016
INT load Successful: Sat Apr 23 00:01:26 EDT 2016
INT load Successful: Mon Apr 25 00:00:27 EDT 2016
INT load Successful: Mon Apr 25 14:01:26 EDT 2016
To Odoo from INT load Successful: Mon Apr 25 14:30:25 EDT 2016
INT load Successful: Tue Apr 26 14:01:22 EDT 2016
To Odoo from INT load Successful: Tue Apr 26 14:30:27 EDT 2016
INT load Successful: Wed Apr 27 14:00:29 EDT 2016
To Odoo from INT load Successful: Wed Apr 27 14:30:27 EDT 2016
INT load Successful: Thu Apr 28 14:00:31 EDT 2016
To Odoo from INT load Successful: Thu Apr 28 14:31:25 EDT 2016
INT load Successful: Fri Apr 29 14:00:29 EDT 2016
To Odoo from INT load Successful: Fri Apr 29 14:30:28 EDT 2016
INT load Successful: Sat Apr 30 14:00:27 EDT 2016
To Odoo from INT load Successful: Sat Apr 30 14:30:28 EDT 2016
INT load Successful: Mon May  2 14:00:28 EDT 2016
To Odoo from INT load Successful: Mon May  2 14:31:25 EDT 2016
INT load Successful: Tue May  3 14:00:30 EDT 2016
To Odoo from INT load Successful: Tue May  3 14:30:30 EDT 2016
INT load Successful: Wed May  4 14:00:28 EDT 2016
To Odoo from INT load Successful: Wed May  4 14:30:28 EDT 2016
INT load Successful: Thu May  5 14:00:25 EDT 2016
To Odoo from INT load Successful: Thu May  5 14:30:28 EDT 2016
INT load Successful: Fri May  6 14:00:28 EDT 2016
To Odoo from INT load Successful: Fri May  6 14:31:26 EDT 2016
INT load Successful: Sat May  7 14:00:27 EDT 2016
To Odoo from INT load Successful: Sat May  7 14:31:24 EDT 2016
INT load Successful: Mon May  9 14:00:30 EDT 2016
To Odoo from INT load Successful: Mon May  9 14:30:31 EDT 2016
INT load Successful: Tue May 10 14:00:30 EDT 2016
To Odoo from INT load Successful: Tue May 10 14:30:27 EDT 2016
INT load Successful: Wed May 11 14:00:29 EDT 2016
To Odoo from INT load Successful: Wed May 11 14:30:29 EDT 2016
INT load Successful: Thu May 12 14:00:29 EDT 2016
To Odoo from INT load Successful: Thu May 12 14:30:27 EDT 2016
INT load Successful: Fri May 13 14:01:33 EDT 2016
To Odoo from INT load Successful: Fri May 13 14:31:30 EDT 2016
INT load Successful: Sat May 14 14:00:25 EDT 2016
To Odoo from INT load Successful: Sat May 14 14:30:31 EDT 2016
INT load Successful: Mon May 16 14:00:28 EDT 2016
To Odoo from INT load Successful: Mon May 16 14:30:28 EDT 2016
INT load Successful: Tue May 17 14:01:25 EDT 2016
To Odoo from INT load Successful: Tue May 17 14:30:26 EDT 2016
INT load Successful: Wed May 18 14:00:30 EDT 2016
To Odoo from INT load Successful: Wed May 18 14:30:31 EDT 2016
INT load Successful: Thu May 19 14:00:32 EDT 2016
To Odoo from INT load Successful: Thu May 19 14:30:29 EDT 2016
INT load Successful: Fri May 20 14:00:30 EDT 2016
To Odoo from INT load Successful: Fri May 20 14:30:27 EDT 2016
INT load Successful: Sat May 21 14:00:33 EDT 2016
To Odoo from INT load Successful: Sat May 21 14:30:29 EDT 2016
INT load Successful: Mon May 23 14:00:28 EDT 2016
To Odoo from INT load Successful: Mon May 23 14:30:28 EDT 2016
INT load Successful: Tue May 24 14:01:26 EDT 2016
To Odoo from INT load Successful: Tue May 24 14:30:25 EDT 2016
INT load Successful: Wed May 25 14:00:28 EDT 2016
To Odoo from INT load Successful: Wed May 25 14:31:27 EDT 2016
INT load Successful: Thu May 26 14:00:31 EDT 2016
To Odoo from INT load Successful: Thu May 26 14:30:30 EDT 2016
INT load Successful: Fri May 27 14:01:25 EDT 2016
To Odoo from INT load Successful: Fri May 27 14:30:32 EDT 2016
INT load Successful: Sat May 28 14:01:29 EDT 2016
To Odoo from INT load Successful: Sat May 28 14:30:28 EDT 2016
INT load Successful: Mon May 30 14:00:27 EDT 2016
To Odoo from INT load Successful: Mon May 30 14:31:25 EDT 2016
INT load Successful: Tue May 31 14:00:28 EDT 2016
To Odoo from INT load Successful: Tue May 31 14:31:27 EDT 2016
INT load Successful: Wed Jun  1 14:00:27 EDT 2016
To Odoo from INT load Successful: Wed Jun  1 14:30:27 EDT 2016
INT load Successful: Thu Jun  2 14:00:26 EDT 2016
To Odoo from INT load Successful: Thu Jun  2 14:30:31 EDT 2016
INT load Successful: Fri Jun  3 14:00:31 EDT 2016
To Odoo from INT load Successful: Fri Jun  3 14:30:25 EDT 2016
INT load Successful: Sat Jun  4 14:00:29 EDT 2016
To Odoo from INT load Successful: Sat Jun  4 14:30:28 EDT 2016
INT load Successful: Mon Jun  6 14:00:34 EDT 2016
To Odoo from INT load Successful: Mon Jun  6 14:31:27 EDT 2016
INT load Successful: Tue Jun  7 14:00:31 EDT 2016
To Odoo from INT load Successful: Tue Jun  7 14:30:30 EDT 2016
INT load Successful: Wed Jun  8 14:00:36 EDT 2016
To Odoo from INT load Successful: Wed Jun  8 14:31:29 EDT 2016
INT load Successful: Thu Jun  9 14:00:35 EDT 2016
To Odoo from INT load Successful: Thu Jun  9 14:30:30 EDT 2016
